<<<<<<< HEAD
=======
[info] [20-09-21 10:42:43 ]:[grafo3.php] El usuario a seleccionado la cantidad de 3 nodos
[info] [20-09-21 10:42:43 ]:[grafo3.php] El usuario a seleccionado el peso de 1 para la unión AB
[info] [20-09-21 10:42:43 ]:[grafo3.php] El usuario a seleccionado el peso de 1 para la unión AC
[info] [20-09-21 10:42:43 ]:[grafo3.php] El usuario a seleccionado el peso de 1 para la unión BA
[info] [20-09-21 10:42:43 ]:[grafo3.php] El usuario a seleccionado el peso de 1 para la unión BC
[info] [20-09-21 10:42:43 ]:[grafo3.php] El usuario a seleccionado el peso de 1 para la unión CA
[info] [20-09-21 10:42:43 ]:[grafo3.php] El usuario a seleccionado el peso de 1 para la unión CB
[info] [20-09-21 10:42:47 ]:[grafo3.php] El usuario a seleccionado la cantidad de 3 nodos
[info] [20-09-21 10:42:47 ]:[grafo3.php] El usuario a seleccionado el peso de  para la unión AB
[info] [20-09-21 10:42:47 ]:[grafo3.php] El usuario a seleccionado el peso de  para la unión AC
[info] [20-09-21 10:42:47 ]:[grafo3.php] El usuario a seleccionado el peso de  para la unión BA
[info] [20-09-21 10:42:47 ]:[grafo3.php] El usuario a seleccionado el peso de  para la unión BC
[info] [20-09-21 10:42:47 ]:[grafo3.php] El usuario a seleccionado el peso de  para la unión CA
[info] [20-09-21 10:42:47 ]:[grafo3.php] El usuario a seleccionado el peso de  para la unión CB
[info] [20-09-21 10:42:53 ]:[grafo3.php] El usuario a seleccionado la cantidad de 3 nodos
[info] [20-09-21 10:42:53 ]:[grafo3.php] El usuario a seleccionado el peso de 1 para la unión AB
[info] [20-09-21 10:42:53 ]:[grafo3.php] El usuario a seleccionado el peso de 1 para la unión AC
[info] [20-09-21 10:42:53 ]:[grafo3.php] El usuario a seleccionado el peso de 1 para la unión BA
[info] [20-09-21 10:42:53 ]:[grafo3.php] El usuario a seleccionado el peso de 1 para la unión BC
[info] [20-09-21 10:42:53 ]:[grafo3.php] El usuario a seleccionado el peso de 1 para la unión CA
[info] [20-09-21 10:42:53 ]:[grafo3.php] El usuario a seleccionado el peso de 1 para la unión CB
[info] [20-09-21 10:42:55 ]:[grafo3.php] El usuario a seleccionado la cantidad de 3 nodos
[info] [20-09-21 10:42:55 ]:[grafo3.php] El usuario a seleccionado el peso de 1 para la unión AB
[info] [20-09-21 10:42:55 ]:[grafo3.php] El usuario a seleccionado el peso de 1 para la unión AC
[info] [20-09-21 10:42:55 ]:[grafo3.php] El usuario a seleccionado el peso de 1 para la unión BA
[info] [20-09-21 10:42:55 ]:[grafo3.php] El usuario a seleccionado el peso de 1 para la unión BC
[info] [20-09-21 10:42:55 ]:[grafo3.php] El usuario a seleccionado el peso de 1 para la unión CA
[info] [20-09-21 10:42:55 ]:[grafo3.php] El usuario a seleccionado el peso de 1 para la unión CB
[info] [20-09-21 10:43:22 ]:[grafo3.php] El usuario a seleccionado la cantidad de 3 nodos
[info] [20-09-21 10:43:22 ]:[grafo3.php] El usuario a seleccionado el peso de 0 para la unión AB
[info] [20-09-21 10:43:22 ]:[grafo3.php] El usuario a seleccionado el peso de 1 para la unión AC
[info] [20-09-21 10:43:22 ]:[grafo3.php] El usuario a seleccionado el peso de 1 para la unión BA
[info] [20-09-21 10:43:22 ]:[grafo3.php] El usuario a seleccionado el peso de 1 para la unión BC
[info] [20-09-21 10:43:22 ]:[grafo3.php] El usuario a seleccionado el peso de 1 para la unión CA
[info] [20-09-21 10:43:22 ]:[grafo3.php] El usuario a seleccionado el peso de 1 para la unión CB
[info] [20-09-21 10:43:36 ]:[grafo3.php] El usuario a seleccionado la cantidad de 3 nodos
[info] [20-09-21 10:43:36 ]:[grafo3.php] El usuario a seleccionado el peso de  para la unión AB
[info] [20-09-21 10:43:36 ]:[grafo3.php] El usuario a seleccionado el peso de  para la unión AC
[info] [20-09-21 10:43:36 ]:[grafo3.php] El usuario a seleccionado el peso de  para la unión BA
[info] [20-09-21 10:43:36 ]:[grafo3.php] El usuario a seleccionado el peso de  para la unión BC
[info] [20-09-21 10:43:36 ]:[grafo3.php] El usuario a seleccionado el peso de  para la unión CA
[info] [20-09-21 10:43:36 ]:[grafo3.php] El usuario a seleccionado el peso de  para la unión CB
[info] [20-09-21 10:43:45 ]:[grafo3.php] El usuario a seleccionado la cantidad de 3 nodos
[info] [20-09-21 10:43:45 ]:[grafo3.php] El usuario a seleccionado el peso de 1 para la unión AB
[info] [20-09-21 10:43:45 ]:[grafo3.php] El usuario a seleccionado el peso de 1 para la unión AC
[info] [20-09-21 10:43:45 ]:[grafo3.php] El usuario a seleccionado el peso de 1 para la unión BA
[info] [20-09-21 10:43:45 ]:[grafo3.php] El usuario a seleccionado el peso de 1 para la unión BC
[info] [20-09-21 10:43:45 ]:[grafo3.php] El usuario a seleccionado el peso de 1 para la unión CA
[info] [20-09-21 10:43:45 ]:[grafo3.php] El usuario a seleccionado el peso de 1 para la unión CB
[info] [20-09-21 10:45:23 ]:[grafo3.php] El usuario a seleccionado la cantidad de 3 nodos
[info] [20-09-21 10:45:23 ]:[grafo3.php] El usuario a seleccionado el peso de  para la unión AB
[info] [20-09-21 10:45:23 ]:[grafo3.php] El usuario a seleccionado el peso de  para la unión AC
[info] [20-09-21 10:45:23 ]:[grafo3.php] El usuario a seleccionado el peso de  para la unión BA
[info] [20-09-21 10:45:23 ]:[grafo3.php] El usuario a seleccionado el peso de  para la unión BC
[info] [20-09-21 10:45:23 ]:[grafo3.php] El usuario a seleccionado el peso de  para la unión CA
[info] [20-09-21 10:45:23 ]:[grafo3.php] El usuario a seleccionado el peso de  para la unión CB
[info] [20-09-21 10:49:46 ]:[grafo3.php] El usuario a seleccionado la cantidad de 3 nodos
[info] [20-09-21 10:49:46 ]:[grafo3.php] El usuario a seleccionado el peso de  para la unión AB
[info] [20-09-21 10:49:46 ]:[grafo3.php] El usuario a seleccionado el peso de  para la unión AC
[info] [20-09-21 10:49:46 ]:[grafo3.php] El usuario a seleccionado el peso de  para la unión BA
[info] [20-09-21 10:49:46 ]:[grafo3.php] El usuario a seleccionado el peso de  para la unión BC
[info] [20-09-21 10:49:46 ]:[grafo3.php] El usuario a seleccionado el peso de  para la unión CA
[info] [20-09-21 10:49:46 ]:[grafo3.php] El usuario a seleccionado el peso de  para la unión CB
[info] [20-09-21 10:49:54 ]:[grafo3.php] El usuario a seleccionado la cantidad de 3 nodos
[info] [20-09-21 10:49:54 ]:[grafo3.php] El usuario a seleccionado el peso de 1 para la unión AB
[info] [20-09-21 10:49:54 ]:[grafo3.php] El usuario a seleccionado el peso de 1 para la unión AC
[info] [20-09-21 10:49:54 ]:[grafo3.php] El usuario a seleccionado el peso de 1 para la unión BA
[info] [20-09-21 10:49:54 ]:[grafo3.php] El usuario a seleccionado el peso de 1 para la unión BC
[info] [20-09-21 10:49:54 ]:[grafo3.php] El usuario a seleccionado el peso de 1 para la unión CA
[info] [20-09-21 10:49:54 ]:[grafo3.php] El usuario a seleccionado el peso de 1 para la unión CB
>>>>>>> rama-chino
[info] [20-09-21 12:31:45 ]:[grafo4.php] El usuario a seleccionado la cantidad de 4 nodos
[info] [20-09-21 12:31:45 ]:[grafo4.php] El usuario a seleccionado el peso de  para la unión AB
[info] [20-09-21 12:31:45 ]:[grafo4.php] El usuario a seleccionado el peso de  para la unión AC
[info] [20-09-21 12:31:45 ]:[grafo4.php] El usuario a seleccionado el peso de  para la unión AD
[info] [20-09-21 12:31:45 ]:[grafo4.php] El usuario a seleccionado el peso de  para la unión BA
[info] [20-09-21 12:31:45 ]:[grafo4.php] El usuario a seleccionado el peso de  para la unión BC
[info] [20-09-21 12:31:45 ]:[grafo4.php] El usuario a seleccionado el peso de  para la unión BD
[info] [20-09-21 12:31:45 ]:[grafo4.php] El usuario a seleccionado el peso de  para la unión CA
[info] [20-09-21 12:31:45 ]:[grafo4.php] El usuario a seleccionado el peso de  para la unión CB
[info] [20-09-21 12:31:45 ]:[grafo4.php] El usuario a seleccionado el peso de  para la unión CD
[info] [20-09-21 12:31:45 ]:[grafo4.php] El usuario a seleccionado el peso de  para la unión DA
[info] [20-09-21 12:31:45 ]:[grafo4.php] El usuario a seleccionado el peso de  para la unión DB
[info] [20-09-21 12:31:45 ]:[grafo4.php] El usuario a seleccionado el peso de  para la unión DC
